<?xml version="1.0" encoding="UTF-8"?>
<!-- Generated by org.testng.reporters.JUnitReportReporter -->
<testsuite hostname="Vishal-PC" failures="0" tests="1" name="tests.LoginTest" time="5.036" errors="0" timestamp="2025-04-13T14:11:03 IST" skipped="0">
  <testcase classname="tests.LoginTest" name="testValidLogin" time="5.036"/>
  <system-out/>
</testsuite> <!-- tests.LoginTest -->
