<?xml version="1.0" encoding="UTF-8"?>
<!-- Generated by org.testng.reporters.JUnitReportReporter -->
<testsuite hostname="Vishal-PC" failures="0" tests="1" name="tests.LoginTest" time="18.002" errors="0" timestamp="2025-04-26T22:30:04 IST" skipped="0">
  <testcase classname="tests.LoginTest" name="testLoginWithInValidCreds" time="18.002"/>
  <system-out/>
</testsuite> <!-- tests.LoginTest -->
